<?xml version="1.0" encoding="UTF-8"?>
<testsuite xmlns:xsi="http://www.w3.org/2001/XMLSchema-instance" xsi:noNamespaceSchemaLocation="https://maven.apache.org/surefire/maven-surefire-plugin/xsd/surefire-test-report.xsd" version="3.0.2" name="com.raj.main.DockerSbApp1ApplicationTests" time="1.602" tests="1" errors="0" skipped="0" failures="0">
  <properties>
[...]
</properties>
  <testcase name="contextLoads" classname="com.raj.main.DockerSbApp1ApplicationTests" time="0.59">
    <system-out><![CDATA[12:54:46.029 [main] INFO org.springframework.test.context.support.AnnotationConfigContextLoaderUtils -- Could not detect default configuration classes for test class [com.raj.main.DockerSbApp1ApplicationTests]: DockerSbApp1ApplicationTests does not declare any static, non-private, non-final, nested classes annotated with @Configuration.
12:54:46.129 [main] INFO org.springframework.boot.test.context.SpringBootTestContextBootstrapper -- Found @SpringBootConfiguration com.raj.main.DockerSbApp1Application for test class com.raj.main.DockerSbApp1ApplicationTests

  .   ____          _            __ _ _
 /\\ / ___'_ __ _ _(_)_ __  __ _ \ \ \ \
( ( )\___ | '_ | '_| | '_ \/ _` | \ \ \ \
 \\/  ___)| |_)| | | | | || (_| |  ) ) ) )
  '  |____| .__|_| |_|_| |_\__, | / / / /
 =========|_|==============|___/=/_/_/_/

 :: Spring Boot ::                (v4.0.0)

2025-12-10T12:54:46.492+05:30  INFO 23028 --- [DockerSBApp1] [           main] c.raj.main.DockerSbApp1ApplicationTests  : Starting DockerSbApp1ApplicationTests using Java 23.0.2 with PID 23028 (started by rajes in C:\Users\rajes\git\Dev-Ops-Tools\DockerSBApp1)
2025-12-10T12:54:46.492+05:30  INFO 23028 --- [DockerSBApp1] [           main] c.raj.main.DockerSbApp1ApplicationTests  : No active profile set, falling back to 1 default profile: "default"
2025-12-10T12:54:46.813+05:30  INFO 23028 --- [DockerSBApp1] [           main] c.raj.main.DockerSbApp1ApplicationTests  : Started DockerSbApp1ApplicationTests in 0.568 seconds (process running for 1.561)
]]></system-out>
    <system-err><![CDATA[Mockito is currently self-attaching to enable the inline-mock-maker. This will no longer work in future releases of the JDK. Please add Mockito as an agent to your build as described in Mockito's documentation: https://javadoc.io/doc/org.mockito/mockito-core/latest/org.mockito/org/mockito/Mockito.html#0.3
WARNING: A Java agent has been loaded dynamically (C:\Users\rajes\.m2\repository\net\bytebuddy\byte-buddy-agent\1.17.8\byte-buddy-agent-1.17.8.jar)
WARNING: If a serviceability tool is in use, please run with -XX:+EnableDynamicAgentLoading to hide this warning
WARNING: If a serviceability tool is not in use, please run with -Djdk.instrument.traceUsage for more information
WARNING: Dynamic loading of agents will be disallowed by default in a future release
]]></system-err>
  </testcase>
</testsuite>